[2023-04-05 14:09:07Z INFO HostContext] No proxy settings were found based on environmental variables (http_proxy/https_proxy/HTTP_PROXY/HTTPS_PROXY)
[2023-04-05 14:09:07Z INFO HostContext] Well known directory 'Bin': '/Users/alderichoaraupro/Documents/git/todo/actions-runner/bin'
[2023-04-05 14:09:07Z INFO HostContext] Well known directory 'Root': '/Users/alderichoaraupro/Documents/git/todo/actions-runner'
[2023-04-05 14:09:07Z INFO HostContext] Well known config file 'Credentials': '/Users/alderichoaraupro/Documents/git/todo/actions-runner/.credentials'
[2023-04-05 14:09:07Z INFO HostContext] Well known directory 'Bin': '/Users/alderichoaraupro/Documents/git/todo/actions-runner/bin'
[2023-04-05 14:09:07Z INFO HostContext] Well known directory 'Root': '/Users/alderichoaraupro/Documents/git/todo/actions-runner'
[2023-04-05 14:09:07Z INFO HostContext] Well known config file 'Runner': '/Users/alderichoaraupro/Documents/git/todo/actions-runner/.runner'
[2023-04-05 14:09:07Z INFO Listener] Runner is built for OSX (X64) - osx-x64.
[2023-04-05 14:09:07Z INFO Listener] RuntimeInformation: Darwin 22.2.0 Darwin Kernel Version 22.2.0: Fri Nov 11 02:08:47 PST 2022; root:xnu-8792.61.2~4/RELEASE_X86_64.
[2023-04-05 14:09:07Z INFO Listener] Version: 2.303.0
[2023-04-05 14:09:07Z INFO Listener] Commit: e676c7871817c1b484299cd93fabdf4b95e70741
[2023-04-05 14:09:07Z INFO Listener] Culture: fr-FR
[2023-04-05 14:09:07Z INFO Listener] UI Culture: fr-FR
[2023-04-05 14:09:07Z INFO HostContext] Well known directory 'Bin': '/Users/alderichoaraupro/Documents/git/todo/actions-runner/bin'
[2023-04-05 14:09:07Z INFO HostContext] Well known directory 'Root': '/Users/alderichoaraupro/Documents/git/todo/actions-runner'
[2023-04-05 14:09:07Z INFO Listener] Validating directory permissions for: '/Users/alderichoaraupro/Documents/git/todo/actions-runner'
[2023-04-05 14:09:07Z INFO CommandLineParser] Parse
[2023-04-05 14:09:07Z INFO CommandLineParser] Parsing 5 args
[2023-04-05 14:09:07Z INFO CommandLineParser] parsing argument
[2023-04-05 14:09:07Z INFO CommandLineParser] HasArgs: False
[2023-04-05 14:09:07Z INFO CommandLineParser] Adding Command: configure
[2023-04-05 14:09:07Z INFO CommandLineParser] parsing argument
[2023-04-05 14:09:07Z INFO CommandLineParser] HasArgs: True
[2023-04-05 14:09:07Z INFO CommandLineParser] arg: url
[2023-04-05 14:09:07Z INFO CommandLineParser] parsing argument
[2023-04-05 14:09:07Z INFO CommandLineParser] HasArgs: True
[2023-04-05 14:09:07Z INFO CommandLineParser] Adding option 'url': 'https://github.com/alderichoarau/todo'
[2023-04-05 14:09:07Z INFO CommandLineParser] parsing argument
[2023-04-05 14:09:07Z INFO CommandLineParser] HasArgs: True
[2023-04-05 14:09:07Z INFO CommandLineParser] arg: token
[2023-04-05 14:09:07Z INFO CommandLineParser] parsing argument
[2023-04-05 14:09:07Z INFO CommandLineParser] HasArgs: True
[2023-04-05 14:09:07Z INFO CommandLineParser] Adding option 'token': '***'
[2023-04-05 14:09:07Z INFO Listener] Arguments parsed
[2023-04-05 14:09:08Z INFO Runner] ExecuteCommand
[2023-04-05 14:09:08Z INFO ConfigurationStore] currentAssemblyLocation: /Users/alderichoaraupro/Documents/git/todo/actions-runner/bin/Runner.Listener.dll
[2023-04-05 14:09:08Z INFO HostContext] Well known directory 'Bin': '/Users/alderichoaraupro/Documents/git/todo/actions-runner/bin'
[2023-04-05 14:09:08Z INFO ConfigurationStore] binPath: /Users/alderichoaraupro/Documents/git/todo/actions-runner/bin
[2023-04-05 14:09:08Z INFO HostContext] Well known directory 'Bin': '/Users/alderichoaraupro/Documents/git/todo/actions-runner/bin'
[2023-04-05 14:09:08Z INFO HostContext] Well known directory 'Root': '/Users/alderichoaraupro/Documents/git/todo/actions-runner'
[2023-04-05 14:09:08Z INFO ConfigurationStore] RootFolder: /Users/alderichoaraupro/Documents/git/todo/actions-runner
[2023-04-05 14:09:08Z INFO HostContext] Well known directory 'Bin': '/Users/alderichoaraupro/Documents/git/todo/actions-runner/bin'
[2023-04-05 14:09:08Z INFO HostContext] Well known directory 'Root': '/Users/alderichoaraupro/Documents/git/todo/actions-runner'
[2023-04-05 14:09:08Z INFO HostContext] Well known config file 'Runner': '/Users/alderichoaraupro/Documents/git/todo/actions-runner/.runner'
[2023-04-05 14:09:08Z INFO ConfigurationStore] ConfigFilePath: /Users/alderichoaraupro/Documents/git/todo/actions-runner/.runner
[2023-04-05 14:09:08Z INFO HostContext] Well known directory 'Bin': '/Users/alderichoaraupro/Documents/git/todo/actions-runner/bin'
[2023-04-05 14:09:08Z INFO HostContext] Well known directory 'Root': '/Users/alderichoaraupro/Documents/git/todo/actions-runner'
[2023-04-05 14:09:08Z INFO HostContext] Well known config file 'Credentials': '/Users/alderichoaraupro/Documents/git/todo/actions-runner/.credentials'
[2023-04-05 14:09:08Z INFO ConfigurationStore] CredFilePath: /Users/alderichoaraupro/Documents/git/todo/actions-runner/.credentials
[2023-04-05 14:09:08Z INFO HostContext] Well known directory 'Bin': '/Users/alderichoaraupro/Documents/git/todo/actions-runner/bin'
[2023-04-05 14:09:08Z INFO HostContext] Well known directory 'Root': '/Users/alderichoaraupro/Documents/git/todo/actions-runner'
[2023-04-05 14:09:08Z INFO HostContext] Well known config file 'MigratedCredentials': '/Users/alderichoaraupro/Documents/git/todo/actions-runner/.credentials_migrated'
[2023-04-05 14:09:08Z INFO ConfigurationStore] MigratedCredFilePath: /Users/alderichoaraupro/Documents/git/todo/actions-runner/.credentials_migrated
[2023-04-05 14:09:08Z INFO HostContext] Well known directory 'Bin': '/Users/alderichoaraupro/Documents/git/todo/actions-runner/bin'
[2023-04-05 14:09:08Z INFO HostContext] Well known directory 'Root': '/Users/alderichoaraupro/Documents/git/todo/actions-runner'
[2023-04-05 14:09:08Z INFO HostContext] Well known config file 'Service': '/Users/alderichoaraupro/Documents/git/todo/actions-runner/.service'
[2023-04-05 14:09:08Z INFO ConfigurationStore] ServiceConfigFilePath: /Users/alderichoaraupro/Documents/git/todo/actions-runner/.service
[2023-04-05 14:09:08Z INFO CommandSettings] Flag 'help': 'False'
[2023-04-05 14:09:08Z INFO CommandSettings] Flag 'version': 'False'
[2023-04-05 14:09:08Z INFO CommandSettings] Flag 'commit': 'False'
[2023-04-05 14:09:08Z INFO CommandSettings] Flag 'check': 'False'
[2023-04-05 14:09:08Z INFO CommandSettings] Command 'configure': 'True'
[2023-04-05 14:09:08Z INFO Terminal] WRITE LINE: 
[2023-04-05 14:09:08Z INFO Terminal] WRITE LINE: --------------------------------------------------------------------------------
[2023-04-05 14:09:08Z INFO Terminal] WRITE LINE: |        ____ _ _   _   _       _          _        _   _                      |
[2023-04-05 14:09:08Z INFO Terminal] WRITE LINE: |       / ___(_) |_| | | |_   _| |__      / \   ___| |_(_) ___  _ __  ___      |
[2023-04-05 14:09:08Z INFO Terminal] WRITE LINE: |      | |  _| | __| |_| | | | | '_ \    / _ \ / __| __| |/ _ \| '_ \/ __|     |
[2023-04-05 14:09:08Z INFO Terminal] WRITE LINE: |      | |_| | | |_|  _  | |_| | |_) |  / ___ \ (__| |_| | (_) | | | \__ \     |
[2023-04-05 14:09:08Z INFO Terminal] WRITE LINE: |       \____|_|\__|_| |_|\__,_|_.__/  /_/   \_\___|\__|_|\___/|_| |_|___/     |
[2023-04-05 14:09:08Z INFO Terminal] WRITE LINE: |                                                                              |
[2023-04-05 14:09:08Z INFO Terminal] WRITE: |                       
[2023-04-05 14:09:08Z INFO Terminal] WRITE: Self-hosted runner registration
[2023-04-05 14:09:08Z INFO Terminal] WRITE LINE:                         |
[2023-04-05 14:09:08Z INFO Terminal] WRITE LINE: |                                                                              |
[2023-04-05 14:09:08Z INFO Terminal] WRITE LINE: --------------------------------------------------------------------------------
[2023-04-05 14:09:08Z INFO ConfigurationManager] ConfigureAsync
[2023-04-05 14:09:08Z INFO CommandSettings] Flag 'generateServiceConfig': 'False'
[2023-04-05 14:09:08Z INFO ConfigurationStore] IsConfigured()
[2023-04-05 14:09:08Z INFO ConfigurationStore] IsConfigured: False
[2023-04-05 14:09:08Z INFO ConfigurationManager] Is configured: False
[2023-04-05 14:09:08Z INFO CommandSettings] Arg 'url': 'https://github.com/alderichoarau/todo'
[2023-04-05 14:09:08Z INFO CommandSettings] Remove url from Arg dictionary.
[2023-04-05 14:09:08Z INFO CommandSettings] Arg 'token': '***'
[2023-04-05 14:09:08Z INFO CommandSettings] Remove token from Arg dictionary.
[2023-04-05 14:09:11Z INFO ConfigurationManager] Http response code: OK from 'POST https://api.github.com/actions/runner-registration' (D8E9:3A98:13AA7B2:13D0BE8:642D8107)
[2023-04-05 14:09:11Z INFO ConfigurationManager] cred retrieved via GitHub auth
[2023-04-05 14:09:11Z INFO RunnerServer] EstablishVssConnection
[2023-04-05 14:09:11Z INFO RunnerServer] Establish connection with 100 seconds timeout.
[2023-04-05 14:09:12Z INFO GitHubActionsService] Starting operation Location.GetConnectionData
[2023-04-05 14:09:12Z INFO RunnerServer] EstablishVssConnection
[2023-04-05 14:09:12Z INFO RunnerServer] Establish connection with 60 seconds timeout.
[2023-04-05 14:09:12Z INFO GitHubActionsService] Starting operation Location.GetConnectionData
[2023-04-05 14:09:12Z INFO RunnerServer] EstablishVssConnection
[2023-04-05 14:09:12Z INFO RunnerServer] Establish connection with 60 seconds timeout.
[2023-04-05 14:09:12Z INFO GitHubActionsService] Starting operation Location.GetConnectionData
[2023-04-05 14:09:12Z INFO GitHubActionsService] Finished operation Location.GetConnectionData
[2023-04-05 14:09:12Z INFO GitHubActionsService] Finished operation Location.GetConnectionData
[2023-04-05 14:09:12Z INFO GitHubActionsService] Finished operation Location.GetConnectionData
[2023-04-05 14:09:13Z INFO Terminal] WRITE LINE: 
[2023-04-05 14:09:13Z INFO ConfigurationManager] Test Connection complete.
[2023-04-05 14:09:13Z INFO HostContext] Well known directory 'Bin': '/Users/alderichoaraupro/Documents/git/todo/actions-runner/bin'
[2023-04-05 14:09:13Z INFO HostContext] Well known directory 'Root': '/Users/alderichoaraupro/Documents/git/todo/actions-runner'
[2023-04-05 14:09:13Z INFO HostContext] Well known config file 'RSACredentials': '/Users/alderichoaraupro/Documents/git/todo/actions-runner/.credentials_rsaparams'
[2023-04-05 14:09:13Z INFO RSAFileKeyManager] Creating new RSA key using 2048-bit key length
[2023-04-05 14:09:13Z INFO RSAFileKeyManager] Successfully saved RSA key parameters to file /Users/alderichoaraupro/Documents/git/todo/actions-runner/.credentials_rsaparams
[2023-04-05 14:09:13Z INFO RSAFileKeyManager] Which: 'chmod'
[2023-04-05 14:09:13Z INFO RSAFileKeyManager] Location: '/bin/chmod'
[2023-04-05 14:09:13Z INFO HostContext] Well known directory 'Bin': '/Users/alderichoaraupro/Documents/git/todo/actions-runner/bin'
[2023-04-05 14:09:13Z INFO HostContext] Well known directory 'Root': '/Users/alderichoaraupro/Documents/git/todo/actions-runner'
[2023-04-05 14:09:13Z INFO ProcessInvokerWrapper] Starting process:
[2023-04-05 14:09:13Z INFO ProcessInvokerWrapper]   File name: '/bin/chmod'
[2023-04-05 14:09:13Z INFO ProcessInvokerWrapper]   Arguments: '600 /Users/alderichoaraupro/Documents/git/todo/actions-runner/.credentials_rsaparams'
[2023-04-05 14:09:13Z INFO ProcessInvokerWrapper]   Working directory: '/Users/alderichoaraupro/Documents/git/todo/actions-runner'
[2023-04-05 14:09:13Z INFO ProcessInvokerWrapper]   Require exit code zero: 'False'
[2023-04-05 14:09:13Z INFO ProcessInvokerWrapper]   Encoding web name:  ; code page: ''
[2023-04-05 14:09:13Z INFO ProcessInvokerWrapper]   Force kill process on cancellation: 'False'
[2023-04-05 14:09:13Z INFO ProcessInvokerWrapper]   Redirected STDIN: 'False'
[2023-04-05 14:09:13Z INFO ProcessInvokerWrapper]   Persist current code page: 'False'
[2023-04-05 14:09:13Z INFO ProcessInvokerWrapper]   Keep redirected STDIN open: 'False'
[2023-04-05 14:09:13Z INFO ProcessInvokerWrapper]   High priority process: 'False'
[2023-04-05 14:09:13Z INFO ProcessInvokerWrapper] Process started with process id 14056, waiting for process exit.
[2023-04-05 14:09:13Z INFO ProcessInvokerWrapper] STDOUT/STDERR stream read finished.
[2023-04-05 14:09:13Z INFO ProcessInvokerWrapper] STDOUT/STDERR stream read finished.
[2023-04-05 14:09:13Z INFO ProcessInvokerWrapper] Finished process 14056 with exit code 0, and elapsed time 00:00:00.1667649.
[2023-04-05 14:09:13Z INFO RSAFileKeyManager] Successfully set permissions for RSA key parameters file /Users/alderichoaraupro/Documents/git/todo/actions-runner/.credentials_rsaparams
[2023-04-05 14:09:13Z INFO CommandSettings] Arg 'runnergroup': ''
[2023-04-05 14:09:13Z INFO CommandSettings] Flag 'unattended': 'False'
[2023-04-05 14:09:13Z INFO PromptManager] ReadValue
[2023-04-05 14:09:13Z INFO Terminal] WRITE: Enter the name of the runner group to add this runner to: 
[2023-04-05 14:09:13Z INFO Terminal] WRITE: [press Enter for Default] 
[2023-04-05 14:09:13Z INFO Terminal] READ LINE
[2023-04-05 14:09:26Z INFO Terminal] Read value: 'self-hosted'
[2023-04-05 14:09:26Z INFO Terminal] WRITE LINE: 
[2023-04-05 14:09:27Z ERR  Runner] GitHub.DistributedTask.WebApi.TaskAgentPoolNotFoundException: Could not find any self-hosted runner group named "self-hosted".
   at GitHub.Runner.Listener.Configuration.ConfigurationManager.ConfigureAsync(CommandSettings command)
   at GitHub.Runner.Listener.Runner.ExecuteCommand(CommandSettings command)
[2023-04-05 14:09:27Z ERR  Terminal] WRITE ERROR: Could not find any self-hosted runner group named "self-hosted".
[2023-04-05 14:09:27Z INFO Listener] Runner execution has finished with return code 1
