[2023-04-05 14:13:23Z INFO HostContext] No proxy settings were found based on environmental variables (http_proxy/https_proxy/HTTP_PROXY/HTTPS_PROXY)
[2023-04-05 14:13:23Z INFO HostContext] Well known directory 'Bin': '/Users/alderichoaraupro/Documents/git/todo/actions-runner/bin'
[2023-04-05 14:13:23Z INFO HostContext] Well known directory 'Root': '/Users/alderichoaraupro/Documents/git/todo/actions-runner'
[2023-04-05 14:13:23Z INFO HostContext] Well known config file 'Credentials': '/Users/alderichoaraupro/Documents/git/todo/actions-runner/.credentials'
[2023-04-05 14:13:23Z INFO HostContext] Well known directory 'Bin': '/Users/alderichoaraupro/Documents/git/todo/actions-runner/bin'
[2023-04-05 14:13:23Z INFO HostContext] Well known directory 'Root': '/Users/alderichoaraupro/Documents/git/todo/actions-runner'
[2023-04-05 14:13:23Z INFO HostContext] Well known config file 'Runner': '/Users/alderichoaraupro/Documents/git/todo/actions-runner/.runner'
[2023-04-05 14:13:23Z INFO Listener] Runner is built for OSX (X64) - osx-x64.
[2023-04-05 14:13:23Z INFO Listener] RuntimeInformation: Darwin 22.2.0 Darwin Kernel Version 22.2.0: Fri Nov 11 02:08:47 PST 2022; root:xnu-8792.61.2~4/RELEASE_X86_64.
[2023-04-05 14:13:24Z INFO Listener] Version: 2.303.0
[2023-04-05 14:13:24Z INFO Listener] Commit: e676c7871817c1b484299cd93fabdf4b95e70741
[2023-04-05 14:13:24Z INFO Listener] Culture: fr-FR
[2023-04-05 14:13:24Z INFO Listener] UI Culture: fr-FR
[2023-04-05 14:13:24Z INFO HostContext] Well known directory 'Bin': '/Users/alderichoaraupro/Documents/git/todo/actions-runner/bin'
[2023-04-05 14:13:24Z INFO HostContext] Well known directory 'Root': '/Users/alderichoaraupro/Documents/git/todo/actions-runner'
[2023-04-05 14:13:24Z INFO Listener] Validating directory permissions for: '/Users/alderichoaraupro/Documents/git/todo/actions-runner'
[2023-04-05 14:13:24Z INFO CommandLineParser] Parse
[2023-04-05 14:13:24Z INFO CommandLineParser] Parsing 5 args
[2023-04-05 14:13:24Z INFO CommandLineParser] parsing argument
[2023-04-05 14:13:24Z INFO CommandLineParser] HasArgs: False
[2023-04-05 14:13:24Z INFO CommandLineParser] Adding Command: configure
[2023-04-05 14:13:24Z INFO CommandLineParser] parsing argument
[2023-04-05 14:13:24Z INFO CommandLineParser] HasArgs: True
[2023-04-05 14:13:24Z INFO CommandLineParser] arg: url
[2023-04-05 14:13:24Z INFO CommandLineParser] parsing argument
[2023-04-05 14:13:24Z INFO CommandLineParser] HasArgs: True
[2023-04-05 14:13:24Z INFO CommandLineParser] Adding option 'url': 'https://github.com/alderichoarau/todo'
[2023-04-05 14:13:24Z INFO CommandLineParser] parsing argument
[2023-04-05 14:13:24Z INFO CommandLineParser] HasArgs: True
[2023-04-05 14:13:24Z INFO CommandLineParser] arg: token
[2023-04-05 14:13:24Z INFO CommandLineParser] parsing argument
[2023-04-05 14:13:24Z INFO CommandLineParser] HasArgs: True
[2023-04-05 14:13:24Z INFO CommandLineParser] Adding option 'token': '***'
[2023-04-05 14:13:24Z INFO Listener] Arguments parsed
[2023-04-05 14:13:24Z INFO Runner] ExecuteCommand
[2023-04-05 14:13:24Z INFO ConfigurationStore] currentAssemblyLocation: /Users/alderichoaraupro/Documents/git/todo/actions-runner/bin/Runner.Listener.dll
[2023-04-05 14:13:24Z INFO HostContext] Well known directory 'Bin': '/Users/alderichoaraupro/Documents/git/todo/actions-runner/bin'
[2023-04-05 14:13:24Z INFO ConfigurationStore] binPath: /Users/alderichoaraupro/Documents/git/todo/actions-runner/bin
[2023-04-05 14:13:24Z INFO HostContext] Well known directory 'Bin': '/Users/alderichoaraupro/Documents/git/todo/actions-runner/bin'
[2023-04-05 14:13:24Z INFO HostContext] Well known directory 'Root': '/Users/alderichoaraupro/Documents/git/todo/actions-runner'
[2023-04-05 14:13:24Z INFO ConfigurationStore] RootFolder: /Users/alderichoaraupro/Documents/git/todo/actions-runner
[2023-04-05 14:13:24Z INFO HostContext] Well known directory 'Bin': '/Users/alderichoaraupro/Documents/git/todo/actions-runner/bin'
[2023-04-05 14:13:24Z INFO HostContext] Well known directory 'Root': '/Users/alderichoaraupro/Documents/git/todo/actions-runner'
[2023-04-05 14:13:24Z INFO HostContext] Well known config file 'Runner': '/Users/alderichoaraupro/Documents/git/todo/actions-runner/.runner'
[2023-04-05 14:13:24Z INFO ConfigurationStore] ConfigFilePath: /Users/alderichoaraupro/Documents/git/todo/actions-runner/.runner
[2023-04-05 14:13:24Z INFO HostContext] Well known directory 'Bin': '/Users/alderichoaraupro/Documents/git/todo/actions-runner/bin'
[2023-04-05 14:13:24Z INFO HostContext] Well known directory 'Root': '/Users/alderichoaraupro/Documents/git/todo/actions-runner'
[2023-04-05 14:13:24Z INFO HostContext] Well known config file 'Credentials': '/Users/alderichoaraupro/Documents/git/todo/actions-runner/.credentials'
[2023-04-05 14:13:24Z INFO ConfigurationStore] CredFilePath: /Users/alderichoaraupro/Documents/git/todo/actions-runner/.credentials
[2023-04-05 14:13:24Z INFO HostContext] Well known directory 'Bin': '/Users/alderichoaraupro/Documents/git/todo/actions-runner/bin'
[2023-04-05 14:13:24Z INFO HostContext] Well known directory 'Root': '/Users/alderichoaraupro/Documents/git/todo/actions-runner'
[2023-04-05 14:13:24Z INFO HostContext] Well known config file 'MigratedCredentials': '/Users/alderichoaraupro/Documents/git/todo/actions-runner/.credentials_migrated'
[2023-04-05 14:13:24Z INFO ConfigurationStore] MigratedCredFilePath: /Users/alderichoaraupro/Documents/git/todo/actions-runner/.credentials_migrated
[2023-04-05 14:13:24Z INFO HostContext] Well known directory 'Bin': '/Users/alderichoaraupro/Documents/git/todo/actions-runner/bin'
[2023-04-05 14:13:24Z INFO HostContext] Well known directory 'Root': '/Users/alderichoaraupro/Documents/git/todo/actions-runner'
[2023-04-05 14:13:24Z INFO HostContext] Well known config file 'Service': '/Users/alderichoaraupro/Documents/git/todo/actions-runner/.service'
[2023-04-05 14:13:24Z INFO ConfigurationStore] ServiceConfigFilePath: /Users/alderichoaraupro/Documents/git/todo/actions-runner/.service
[2023-04-05 14:13:24Z INFO CommandSettings] Flag 'help': 'False'
[2023-04-05 14:13:24Z INFO CommandSettings] Flag 'version': 'False'
[2023-04-05 14:13:24Z INFO CommandSettings] Flag 'commit': 'False'
[2023-04-05 14:13:24Z INFO CommandSettings] Flag 'check': 'False'
[2023-04-05 14:13:24Z INFO CommandSettings] Command 'configure': 'True'
[2023-04-05 14:13:24Z INFO Terminal] WRITE LINE: 
[2023-04-05 14:13:24Z INFO Terminal] WRITE LINE: --------------------------------------------------------------------------------
[2023-04-05 14:13:24Z INFO Terminal] WRITE LINE: |        ____ _ _   _   _       _          _        _   _                      |
[2023-04-05 14:13:24Z INFO Terminal] WRITE LINE: |       / ___(_) |_| | | |_   _| |__      / \   ___| |_(_) ___  _ __  ___      |
[2023-04-05 14:13:24Z INFO Terminal] WRITE LINE: |      | |  _| | __| |_| | | | | '_ \    / _ \ / __| __| |/ _ \| '_ \/ __|     |
[2023-04-05 14:13:24Z INFO Terminal] WRITE LINE: |      | |_| | | |_|  _  | |_| | |_) |  / ___ \ (__| |_| | (_) | | | \__ \     |
[2023-04-05 14:13:24Z INFO Terminal] WRITE LINE: |       \____|_|\__|_| |_|\__,_|_.__/  /_/   \_\___|\__|_|\___/|_| |_|___/     |
[2023-04-05 14:13:24Z INFO Terminal] WRITE LINE: |                                                                              |
[2023-04-05 14:13:24Z INFO Terminal] WRITE: |                       
[2023-04-05 14:13:24Z INFO Terminal] WRITE: Self-hosted runner registration
[2023-04-05 14:13:24Z INFO Terminal] WRITE LINE:                         |
[2023-04-05 14:13:24Z INFO Terminal] WRITE LINE: |                                                                              |
[2023-04-05 14:13:24Z INFO Terminal] WRITE LINE: --------------------------------------------------------------------------------
[2023-04-05 14:13:24Z INFO ConfigurationManager] ConfigureAsync
[2023-04-05 14:13:24Z INFO CommandSettings] Flag 'generateServiceConfig': 'False'
[2023-04-05 14:13:24Z INFO ConfigurationStore] IsConfigured()
[2023-04-05 14:13:24Z INFO ConfigurationStore] IsConfigured: False
[2023-04-05 14:13:24Z INFO ConfigurationManager] Is configured: False
[2023-04-05 14:13:24Z INFO CommandSettings] Arg 'url': 'https://github.com/alderichoarau/todo'
[2023-04-05 14:13:24Z INFO CommandSettings] Remove url from Arg dictionary.
[2023-04-05 14:13:24Z INFO CommandSettings] Arg 'token': '***'
[2023-04-05 14:13:24Z INFO CommandSettings] Remove token from Arg dictionary.
[2023-04-05 14:13:24Z INFO ConfigurationManager] Http response code: OK from 'POST https://api.github.com/actions/runner-registration' (D968:28E1:B307B8:B4784B:642D8204)
[2023-04-05 14:13:24Z INFO ConfigurationManager] cred retrieved via GitHub auth
[2023-04-05 14:13:24Z INFO RunnerServer] EstablishVssConnection
[2023-04-05 14:13:24Z INFO RunnerServer] Establish connection with 100 seconds timeout.
[2023-04-05 14:13:25Z INFO GitHubActionsService] Starting operation Location.GetConnectionData
[2023-04-05 14:13:25Z INFO RunnerServer] EstablishVssConnection
[2023-04-05 14:13:25Z INFO RunnerServer] Establish connection with 60 seconds timeout.
[2023-04-05 14:13:25Z INFO GitHubActionsService] Starting operation Location.GetConnectionData
[2023-04-05 14:13:25Z INFO RunnerServer] EstablishVssConnection
[2023-04-05 14:13:25Z INFO RunnerServer] Establish connection with 60 seconds timeout.
[2023-04-05 14:13:25Z INFO GitHubActionsService] Starting operation Location.GetConnectionData
[2023-04-05 14:13:25Z INFO GitHubActionsService] Finished operation Location.GetConnectionData
[2023-04-05 14:13:25Z INFO GitHubActionsService] Finished operation Location.GetConnectionData
[2023-04-05 14:13:26Z INFO GitHubActionsService] Finished operation Location.GetConnectionData
[2023-04-05 14:13:26Z INFO Terminal] WRITE LINE: 
[2023-04-05 14:13:26Z INFO ConfigurationManager] Test Connection complete.
[2023-04-05 14:13:26Z INFO HostContext] Well known directory 'Bin': '/Users/alderichoaraupro/Documents/git/todo/actions-runner/bin'
[2023-04-05 14:13:26Z INFO HostContext] Well known directory 'Root': '/Users/alderichoaraupro/Documents/git/todo/actions-runner'
[2023-04-05 14:13:26Z INFO HostContext] Well known config file 'RSACredentials': '/Users/alderichoaraupro/Documents/git/todo/actions-runner/.credentials_rsaparams'
[2023-04-05 14:13:26Z INFO RSAFileKeyManager] Found existing RSA key parameters file /Users/alderichoaraupro/Documents/git/todo/actions-runner/.credentials_rsaparams
[2023-04-05 14:13:26Z INFO CommandSettings] Arg 'runnergroup': ''
[2023-04-05 14:13:26Z INFO CommandSettings] Flag 'unattended': 'False'
[2023-04-05 14:13:26Z INFO PromptManager] ReadValue
[2023-04-05 14:13:26Z INFO Terminal] WRITE: Enter the name of the runner group to add this runner to: 
[2023-04-05 14:13:26Z INFO Terminal] WRITE: [press Enter for Default] 
[2023-04-05 14:13:26Z INFO Terminal] READ LINE
[2023-04-05 14:13:34Z INFO Terminal] Read value: 'self-hosted'
[2023-04-05 14:13:34Z INFO Terminal] WRITE LINE: 
[2023-04-05 14:13:34Z ERR  Runner] GitHub.DistributedTask.WebApi.TaskAgentPoolNotFoundException: Could not find any self-hosted runner group named "self-hosted".
   at GitHub.Runner.Listener.Configuration.ConfigurationManager.ConfigureAsync(CommandSettings command)
   at GitHub.Runner.Listener.Runner.ExecuteCommand(CommandSettings command)
[2023-04-05 14:13:34Z ERR  Terminal] WRITE ERROR: Could not find any self-hosted runner group named "self-hosted".
[2023-04-05 14:13:34Z INFO Listener] Runner execution has finished with return code 1
