[2023-04-05 14:14:52Z INFO HostContext] No proxy settings were found based on environmental variables (http_proxy/https_proxy/HTTP_PROXY/HTTPS_PROXY)
[2023-04-05 14:14:52Z INFO HostContext] Well known directory 'Bin': '/Users/alderichoaraupro/Documents/git/todo/actions-runner/bin'
[2023-04-05 14:14:52Z INFO HostContext] Well known directory 'Root': '/Users/alderichoaraupro/Documents/git/todo/actions-runner'
[2023-04-05 14:14:52Z INFO HostContext] Well known config file 'Credentials': '/Users/alderichoaraupro/Documents/git/todo/actions-runner/.credentials'
[2023-04-05 14:14:52Z INFO HostContext] Well known directory 'Bin': '/Users/alderichoaraupro/Documents/git/todo/actions-runner/bin'
[2023-04-05 14:14:52Z INFO HostContext] Well known directory 'Root': '/Users/alderichoaraupro/Documents/git/todo/actions-runner'
[2023-04-05 14:14:52Z INFO HostContext] Well known config file 'Runner': '/Users/alderichoaraupro/Documents/git/todo/actions-runner/.runner'
[2023-04-05 14:14:52Z INFO Listener] Runner is built for OSX (X64) - osx-x64.
[2023-04-05 14:14:52Z INFO Listener] RuntimeInformation: Darwin 22.2.0 Darwin Kernel Version 22.2.0: Fri Nov 11 02:08:47 PST 2022; root:xnu-8792.61.2~4/RELEASE_X86_64.
[2023-04-05 14:14:52Z INFO Listener] Version: 2.303.0
[2023-04-05 14:14:52Z INFO Listener] Commit: e676c7871817c1b484299cd93fabdf4b95e70741
[2023-04-05 14:14:52Z INFO Listener] Culture: fr-FR
[2023-04-05 14:14:52Z INFO Listener] UI Culture: fr-FR
[2023-04-05 14:14:52Z INFO HostContext] Well known directory 'Bin': '/Users/alderichoaraupro/Documents/git/todo/actions-runner/bin'
[2023-04-05 14:14:52Z INFO HostContext] Well known directory 'Root': '/Users/alderichoaraupro/Documents/git/todo/actions-runner'
[2023-04-05 14:14:52Z INFO Listener] Validating directory permissions for: '/Users/alderichoaraupro/Documents/git/todo/actions-runner'
[2023-04-05 14:14:52Z INFO CommandLineParser] Parse
[2023-04-05 14:14:52Z INFO CommandLineParser] Parsing 5 args
[2023-04-05 14:14:52Z INFO CommandLineParser] parsing argument
[2023-04-05 14:14:52Z INFO CommandLineParser] HasArgs: False
[2023-04-05 14:14:52Z INFO CommandLineParser] Adding Command: configure
[2023-04-05 14:14:52Z INFO CommandLineParser] parsing argument
[2023-04-05 14:14:52Z INFO CommandLineParser] HasArgs: True
[2023-04-05 14:14:52Z INFO CommandLineParser] arg: url
[2023-04-05 14:14:52Z INFO CommandLineParser] parsing argument
[2023-04-05 14:14:52Z INFO CommandLineParser] HasArgs: True
[2023-04-05 14:14:52Z INFO CommandLineParser] Adding option 'url': 'https://github.com/alderichoarau/todo'
[2023-04-05 14:14:52Z INFO CommandLineParser] parsing argument
[2023-04-05 14:14:52Z INFO CommandLineParser] HasArgs: True
[2023-04-05 14:14:52Z INFO CommandLineParser] arg: token
[2023-04-05 14:14:52Z INFO CommandLineParser] parsing argument
[2023-04-05 14:14:52Z INFO CommandLineParser] HasArgs: True
[2023-04-05 14:14:52Z INFO CommandLineParser] Adding option 'token': '***'
[2023-04-05 14:14:52Z INFO Listener] Arguments parsed
[2023-04-05 14:14:52Z INFO Runner] ExecuteCommand
[2023-04-05 14:14:52Z INFO ConfigurationStore] currentAssemblyLocation: /Users/alderichoaraupro/Documents/git/todo/actions-runner/bin/Runner.Listener.dll
[2023-04-05 14:14:52Z INFO HostContext] Well known directory 'Bin': '/Users/alderichoaraupro/Documents/git/todo/actions-runner/bin'
[2023-04-05 14:14:52Z INFO ConfigurationStore] binPath: /Users/alderichoaraupro/Documents/git/todo/actions-runner/bin
[2023-04-05 14:14:52Z INFO HostContext] Well known directory 'Bin': '/Users/alderichoaraupro/Documents/git/todo/actions-runner/bin'
[2023-04-05 14:14:52Z INFO HostContext] Well known directory 'Root': '/Users/alderichoaraupro/Documents/git/todo/actions-runner'
[2023-04-05 14:14:52Z INFO ConfigurationStore] RootFolder: /Users/alderichoaraupro/Documents/git/todo/actions-runner
[2023-04-05 14:14:52Z INFO HostContext] Well known directory 'Bin': '/Users/alderichoaraupro/Documents/git/todo/actions-runner/bin'
[2023-04-05 14:14:52Z INFO HostContext] Well known directory 'Root': '/Users/alderichoaraupro/Documents/git/todo/actions-runner'
[2023-04-05 14:14:52Z INFO HostContext] Well known config file 'Runner': '/Users/alderichoaraupro/Documents/git/todo/actions-runner/.runner'
[2023-04-05 14:14:52Z INFO ConfigurationStore] ConfigFilePath: /Users/alderichoaraupro/Documents/git/todo/actions-runner/.runner
[2023-04-05 14:14:52Z INFO HostContext] Well known directory 'Bin': '/Users/alderichoaraupro/Documents/git/todo/actions-runner/bin'
[2023-04-05 14:14:52Z INFO HostContext] Well known directory 'Root': '/Users/alderichoaraupro/Documents/git/todo/actions-runner'
[2023-04-05 14:14:52Z INFO HostContext] Well known config file 'Credentials': '/Users/alderichoaraupro/Documents/git/todo/actions-runner/.credentials'
[2023-04-05 14:14:52Z INFO ConfigurationStore] CredFilePath: /Users/alderichoaraupro/Documents/git/todo/actions-runner/.credentials
[2023-04-05 14:14:52Z INFO HostContext] Well known directory 'Bin': '/Users/alderichoaraupro/Documents/git/todo/actions-runner/bin'
[2023-04-05 14:14:52Z INFO HostContext] Well known directory 'Root': '/Users/alderichoaraupro/Documents/git/todo/actions-runner'
[2023-04-05 14:14:52Z INFO HostContext] Well known config file 'MigratedCredentials': '/Users/alderichoaraupro/Documents/git/todo/actions-runner/.credentials_migrated'
[2023-04-05 14:14:52Z INFO ConfigurationStore] MigratedCredFilePath: /Users/alderichoaraupro/Documents/git/todo/actions-runner/.credentials_migrated
[2023-04-05 14:14:52Z INFO HostContext] Well known directory 'Bin': '/Users/alderichoaraupro/Documents/git/todo/actions-runner/bin'
[2023-04-05 14:14:52Z INFO HostContext] Well known directory 'Root': '/Users/alderichoaraupro/Documents/git/todo/actions-runner'
[2023-04-05 14:14:52Z INFO HostContext] Well known config file 'Service': '/Users/alderichoaraupro/Documents/git/todo/actions-runner/.service'
[2023-04-05 14:14:52Z INFO ConfigurationStore] ServiceConfigFilePath: /Users/alderichoaraupro/Documents/git/todo/actions-runner/.service
[2023-04-05 14:14:52Z INFO CommandSettings] Flag 'help': 'False'
[2023-04-05 14:14:52Z INFO CommandSettings] Flag 'version': 'False'
[2023-04-05 14:14:52Z INFO CommandSettings] Flag 'commit': 'False'
[2023-04-05 14:14:52Z INFO CommandSettings] Flag 'check': 'False'
[2023-04-05 14:14:52Z INFO CommandSettings] Command 'configure': 'True'
[2023-04-05 14:14:52Z INFO Terminal] WRITE LINE: 
[2023-04-05 14:14:52Z INFO Terminal] WRITE LINE: --------------------------------------------------------------------------------
[2023-04-05 14:14:52Z INFO Terminal] WRITE LINE: |        ____ _ _   _   _       _          _        _   _                      |
[2023-04-05 14:14:52Z INFO Terminal] WRITE LINE: |       / ___(_) |_| | | |_   _| |__      / \   ___| |_(_) ___  _ __  ___      |
[2023-04-05 14:14:52Z INFO Terminal] WRITE LINE: |      | |  _| | __| |_| | | | | '_ \    / _ \ / __| __| |/ _ \| '_ \/ __|     |
[2023-04-05 14:14:52Z INFO Terminal] WRITE LINE: |      | |_| | | |_|  _  | |_| | |_) |  / ___ \ (__| |_| | (_) | | | \__ \     |
[2023-04-05 14:14:52Z INFO Terminal] WRITE LINE: |       \____|_|\__|_| |_|\__,_|_.__/  /_/   \_\___|\__|_|\___/|_| |_|___/     |
[2023-04-05 14:14:52Z INFO Terminal] WRITE LINE: |                                                                              |
[2023-04-05 14:14:52Z INFO Terminal] WRITE: |                       
[2023-04-05 14:14:52Z INFO Terminal] WRITE: Self-hosted runner registration
[2023-04-05 14:14:52Z INFO Terminal] WRITE LINE:                         |
[2023-04-05 14:14:52Z INFO Terminal] WRITE LINE: |                                                                              |
[2023-04-05 14:14:52Z INFO Terminal] WRITE LINE: --------------------------------------------------------------------------------
[2023-04-05 14:14:52Z INFO ConfigurationManager] ConfigureAsync
[2023-04-05 14:14:52Z INFO CommandSettings] Flag 'generateServiceConfig': 'False'
[2023-04-05 14:14:52Z INFO ConfigurationStore] IsConfigured()
[2023-04-05 14:14:52Z INFO ConfigurationStore] IsConfigured: True
[2023-04-05 14:14:52Z INFO ConfigurationManager] Is configured: True
[2023-04-05 14:14:52Z ERR  Runner] System.InvalidOperationException: Cannot configure the runner because it is already configured. To reconfigure the runner, run 'config.cmd remove' or './config.sh remove' first.
   at GitHub.Runner.Listener.Configuration.ConfigurationManager.ConfigureAsync(CommandSettings command)
   at GitHub.Runner.Listener.Runner.ExecuteCommand(CommandSettings command)
[2023-04-05 14:14:52Z ERR  Terminal] WRITE ERROR: Cannot configure the runner because it is already configured. To reconfigure the runner, run 'config.cmd remove' or './config.sh remove' first.
[2023-04-05 14:14:52Z INFO Listener] Runner execution has finished with return code 1
