[2023-04-05 14:16:43Z INFO HostContext] No proxy settings were found based on environmental variables (http_proxy/https_proxy/HTTP_PROXY/HTTPS_PROXY)
[2023-04-05 14:16:43Z INFO HostContext] Well known directory 'Bin': '/Users/alderichoaraupro/Documents/git/todo/actions-runner/bin'
[2023-04-05 14:16:43Z INFO HostContext] Well known directory 'Root': '/Users/alderichoaraupro/Documents/git/todo/actions-runner'
[2023-04-05 14:16:43Z INFO HostContext] Well known config file 'Credentials': '/Users/alderichoaraupro/Documents/git/todo/actions-runner/.credentials'
[2023-04-05 14:16:43Z INFO HostContext] Well known directory 'Bin': '/Users/alderichoaraupro/Documents/git/todo/actions-runner/bin'
[2023-04-05 14:16:43Z INFO HostContext] Well known directory 'Root': '/Users/alderichoaraupro/Documents/git/todo/actions-runner'
[2023-04-05 14:16:43Z INFO HostContext] Well known config file 'Runner': '/Users/alderichoaraupro/Documents/git/todo/actions-runner/.runner'
[2023-04-05 14:16:43Z INFO Listener] Runner is built for OSX (X64) - osx-x64.
[2023-04-05 14:16:43Z INFO Listener] RuntimeInformation: Darwin 22.2.0 Darwin Kernel Version 22.2.0: Fri Nov 11 02:08:47 PST 2022; root:xnu-8792.61.2~4/RELEASE_X86_64.
[2023-04-05 14:16:43Z INFO Listener] Version: 2.303.0
[2023-04-05 14:16:43Z INFO Listener] Commit: e676c7871817c1b484299cd93fabdf4b95e70741
[2023-04-05 14:16:43Z INFO Listener] Culture: fr-FR
[2023-04-05 14:16:43Z INFO Listener] UI Culture: fr-FR
[2023-04-05 14:16:43Z INFO HostContext] Well known directory 'Bin': '/Users/alderichoaraupro/Documents/git/todo/actions-runner/bin'
[2023-04-05 14:16:43Z INFO HostContext] Well known directory 'Root': '/Users/alderichoaraupro/Documents/git/todo/actions-runner'
[2023-04-05 14:16:43Z INFO Listener] Validating directory permissions for: '/Users/alderichoaraupro/Documents/git/todo/actions-runner'
[2023-04-05 14:16:43Z INFO CommandLineParser] Parse
[2023-04-05 14:16:43Z INFO CommandLineParser] Parsing 1 args
[2023-04-05 14:16:43Z INFO CommandLineParser] parsing argument
[2023-04-05 14:16:43Z INFO CommandLineParser] HasArgs: False
[2023-04-05 14:16:43Z INFO CommandLineParser] Adding Command: run
[2023-04-05 14:16:43Z INFO Listener] Arguments parsed
[2023-04-05 14:16:43Z INFO Runner] ExecuteCommand
[2023-04-05 14:16:43Z INFO ConfigurationStore] currentAssemblyLocation: /Users/alderichoaraupro/Documents/git/todo/actions-runner/bin/Runner.Listener.dll
[2023-04-05 14:16:43Z INFO HostContext] Well known directory 'Bin': '/Users/alderichoaraupro/Documents/git/todo/actions-runner/bin'
[2023-04-05 14:16:43Z INFO ConfigurationStore] binPath: /Users/alderichoaraupro/Documents/git/todo/actions-runner/bin
[2023-04-05 14:16:43Z INFO HostContext] Well known directory 'Bin': '/Users/alderichoaraupro/Documents/git/todo/actions-runner/bin'
[2023-04-05 14:16:43Z INFO HostContext] Well known directory 'Root': '/Users/alderichoaraupro/Documents/git/todo/actions-runner'
[2023-04-05 14:16:43Z INFO ConfigurationStore] RootFolder: /Users/alderichoaraupro/Documents/git/todo/actions-runner
[2023-04-05 14:16:43Z INFO HostContext] Well known directory 'Bin': '/Users/alderichoaraupro/Documents/git/todo/actions-runner/bin'
[2023-04-05 14:16:43Z INFO HostContext] Well known directory 'Root': '/Users/alderichoaraupro/Documents/git/todo/actions-runner'
[2023-04-05 14:16:43Z INFO HostContext] Well known config file 'Runner': '/Users/alderichoaraupro/Documents/git/todo/actions-runner/.runner'
[2023-04-05 14:16:43Z INFO ConfigurationStore] ConfigFilePath: /Users/alderichoaraupro/Documents/git/todo/actions-runner/.runner
[2023-04-05 14:16:43Z INFO HostContext] Well known directory 'Bin': '/Users/alderichoaraupro/Documents/git/todo/actions-runner/bin'
[2023-04-05 14:16:43Z INFO HostContext] Well known directory 'Root': '/Users/alderichoaraupro/Documents/git/todo/actions-runner'
[2023-04-05 14:16:43Z INFO HostContext] Well known config file 'Credentials': '/Users/alderichoaraupro/Documents/git/todo/actions-runner/.credentials'
[2023-04-05 14:16:43Z INFO ConfigurationStore] CredFilePath: /Users/alderichoaraupro/Documents/git/todo/actions-runner/.credentials
[2023-04-05 14:16:43Z INFO HostContext] Well known directory 'Bin': '/Users/alderichoaraupro/Documents/git/todo/actions-runner/bin'
[2023-04-05 14:16:43Z INFO HostContext] Well known directory 'Root': '/Users/alderichoaraupro/Documents/git/todo/actions-runner'
[2023-04-05 14:16:43Z INFO HostContext] Well known config file 'MigratedCredentials': '/Users/alderichoaraupro/Documents/git/todo/actions-runner/.credentials_migrated'
[2023-04-05 14:16:43Z INFO ConfigurationStore] MigratedCredFilePath: /Users/alderichoaraupro/Documents/git/todo/actions-runner/.credentials_migrated
[2023-04-05 14:16:43Z INFO HostContext] Well known directory 'Bin': '/Users/alderichoaraupro/Documents/git/todo/actions-runner/bin'
[2023-04-05 14:16:43Z INFO HostContext] Well known directory 'Root': '/Users/alderichoaraupro/Documents/git/todo/actions-runner'
[2023-04-05 14:16:43Z INFO HostContext] Well known config file 'Service': '/Users/alderichoaraupro/Documents/git/todo/actions-runner/.service'
[2023-04-05 14:16:43Z INFO ConfigurationStore] ServiceConfigFilePath: /Users/alderichoaraupro/Documents/git/todo/actions-runner/.service
[2023-04-05 14:16:43Z INFO CommandSettings] Flag 'help': 'False'
[2023-04-05 14:16:43Z INFO CommandSettings] Flag 'version': 'False'
[2023-04-05 14:16:43Z INFO CommandSettings] Flag 'commit': 'False'
[2023-04-05 14:16:43Z INFO CommandSettings] Flag 'check': 'False'
[2023-04-05 14:16:43Z INFO CommandSettings] Command 'configure': 'False'
[2023-04-05 14:16:43Z INFO CommandSettings] Command 'remove': 'False'
[2023-04-05 14:16:43Z INFO CommandSettings] Command 'warmup': 'False'
[2023-04-05 14:16:43Z INFO ConfigurationManager] LoadSettings
[2023-04-05 14:16:43Z INFO ConfigurationStore] IsConfigured()
[2023-04-05 14:16:43Z INFO ConfigurationStore] IsConfigured: True
[2023-04-05 14:16:43Z INFO ConfigurationManager] Is configured: True
[2023-04-05 14:16:43Z INFO ConfigurationStore] Read setting file: 286 chars
[2023-04-05 14:16:43Z INFO ConfigurationManager] Settings Loaded
[2023-04-05 14:16:43Z INFO ConfigurationStore] IsServiceConfigured()
[2023-04-05 14:16:43Z INFO ConfigurationStore] IsServiceConfigured: False
[2023-04-05 14:16:43Z INFO CommandSettings] Command 'run': 'True'
[2023-04-05 14:16:43Z INFO ConfigurationStore] IsConfigured()
[2023-04-05 14:16:43Z INFO ConfigurationStore] IsConfigured: True
[2023-04-05 14:16:43Z INFO ConfigurationManager] Is configured: True
[2023-04-05 14:16:43Z INFO Runner] Could not parse the argument value '' for StartupType. Defaulting to Manual
[2023-04-05 14:16:43Z INFO Runner] Set runner startup type - Manual
[2023-04-05 14:16:43Z INFO CommandSettings] Flag 'once': 'False'
[2023-04-05 14:16:43Z INFO CommandSettings] Flag 'once': 'False'
[2023-04-05 14:16:43Z INFO Runner] RunAsync
[2023-04-05 14:16:43Z INFO ConfigurationManager] LoadSettings
[2023-04-05 14:16:43Z INFO ConfigurationStore] IsConfigured()
[2023-04-05 14:16:43Z INFO ConfigurationStore] IsConfigured: True
[2023-04-05 14:16:43Z INFO ConfigurationManager] Is configured: True
[2023-04-05 14:16:43Z INFO ConfigurationManager] Settings Loaded
[2023-04-05 14:16:43Z INFO MessageListener] {
  "AgentId": 2,
  "AgentName": "self-hosted",
  "PoolId": 1,
  "PoolName": "Default",
  "ServerUrl": "https://pipelines.actions.githubusercontent.com/HUoEszJwRoj6A8JKVWglfBpepfR7C7qa2kbpEjsZsvNo9CP47c",
  "GitHubUrl": "https://github.com/alderichoarau/todo",
  "WorkFolder": "_work"
}
[2023-04-05 14:16:43Z INFO MessageListener] Loading Credentials
[2023-04-05 14:16:43Z INFO ConfigurationStore] HasCredentials()
[2023-04-05 14:16:43Z INFO ConfigurationStore] stored True
[2023-04-05 14:16:43Z INFO CredentialManager] GetCredentialProvider
[2023-04-05 14:16:43Z INFO CredentialManager] Creating type OAuth
[2023-04-05 14:16:43Z INFO CredentialManager] Creating credential type: OAuth
[2023-04-05 14:16:43Z INFO HostContext] Well known directory 'Bin': '/Users/alderichoaraupro/Documents/git/todo/actions-runner/bin'
[2023-04-05 14:16:43Z INFO HostContext] Well known directory 'Root': '/Users/alderichoaraupro/Documents/git/todo/actions-runner'
[2023-04-05 14:16:43Z INFO HostContext] Well known config file 'RSACredentials': '/Users/alderichoaraupro/Documents/git/todo/actions-runner/.credentials_rsaparams'
[2023-04-05 14:16:43Z INFO RSAFileKeyManager] Loading RSA key parameters from file /Users/alderichoaraupro/Documents/git/todo/actions-runner/.credentials_rsaparams
[2023-04-05 14:16:43Z INFO MessageListener] Attempt to create session.
[2023-04-05 14:16:43Z INFO MessageListener] Connecting to the Runner Server...
[2023-04-05 14:16:43Z INFO RunnerServer] EstablishVssConnection
[2023-04-05 14:16:43Z INFO RunnerServer] Establish connection with 100 seconds timeout.
[2023-04-05 14:16:43Z INFO GitHubActionsService] Starting operation Location.GetConnectionData
[2023-04-05 14:16:43Z INFO RunnerServer] EstablishVssConnection
[2023-04-05 14:16:43Z INFO RunnerServer] Establish connection with 60 seconds timeout.
[2023-04-05 14:16:43Z INFO GitHubActionsService] Starting operation Location.GetConnectionData
[2023-04-05 14:16:43Z INFO RunnerServer] EstablishVssConnection
[2023-04-05 14:16:43Z INFO RunnerServer] Establish connection with 60 seconds timeout.
[2023-04-05 14:16:43Z INFO GitHubActionsService] Starting operation Location.GetConnectionData
[2023-04-05 14:16:44Z INFO GitHubActionsService] Finished operation Location.GetConnectionData
[2023-04-05 14:16:44Z INFO GitHubActionsService] Finished operation Location.GetConnectionData
[2023-04-05 14:16:44Z INFO GitHubActionsService] Finished operation Location.GetConnectionData
[2023-04-05 14:16:44Z INFO MessageListener] VssConnection created
[2023-04-05 14:16:44Z INFO Terminal] WRITE LINE: 
[2023-04-05 14:16:44Z INFO Terminal] WRITE LINE: 
[2023-04-05 14:16:44Z INFO RSAFileKeyManager] Loading RSA key parameters from file /Users/alderichoaraupro/Documents/git/todo/actions-runner/.credentials_rsaparams
[2023-04-05 14:16:44Z INFO RSAFileKeyManager] Loading RSA key parameters from file /Users/alderichoaraupro/Documents/git/todo/actions-runner/.credentials_rsaparams
[2023-04-05 14:16:44Z INFO GitHubActionsService] AAD Correlation ID for this token request: Unknown
[2023-04-05 14:16:44Z INFO MessageListener] Session created.
[2023-04-05 14:16:44Z INFO Terminal] WRITE LINE: Current runner version: '2.303.0'
[2023-04-05 14:16:44Z INFO Terminal] WRITE LINE: 2023-04-05 14:16:44Z: Listening for Jobs
[2023-04-05 14:16:44Z INFO JobDispatcher] Set runner/worker IPC timeout to 30 seconds.
[2023-04-05 14:16:48Z INFO RSAFileKeyManager] Loading RSA key parameters from file /Users/alderichoaraupro/Documents/git/todo/actions-runner/.credentials_rsaparams
[2023-04-05 14:16:48Z INFO MessageListener] Message '1' received from session 'b789f426-c4b4-40fc-b7e6-49783d015cd6'.
[2023-04-05 14:16:48Z INFO Runner] Received job message of length 21410 from service, with hash '79cb80ffe19f22dd59007b85b856fc53b62c2dbb022c8aba8ac240f3bfaab8bd'
[2023-04-05 14:16:48Z INFO JobDispatcher] Job request 3 for plan 7a328649-9f38-4473-9e2c-f5598050e867 job 682736c0-47e2-5cdd-32cd-5418af2a1fb6 received.
[2023-04-05 14:16:48Z INFO JobDispatcher] Pull OrchestrationId 7a328649-9f38-4473-9e2c-f5598050e867.run-all-tests.__default from JWT claims
[2023-04-05 14:16:48Z INFO Terminal] WRITE LINE: 2023-04-05 14:16:48Z: Running job: run-all-tests
[2023-04-05 14:16:48Z INFO JobDispatcher] Start renew job request 3 for job 682736c0-47e2-5cdd-32cd-5418af2a1fb6.
[2023-04-05 14:16:48Z INFO JobDispatcher] Successfully renew job request 3, job is valid till 05/04/2023 14:26:48
[2023-04-05 14:16:48Z INFO HostContext] Well known directory 'Bin': '/Users/alderichoaraupro/Documents/git/todo/actions-runner/bin'
[2023-04-05 14:16:48Z INFO ProcessInvokerWrapper] Starting process:
[2023-04-05 14:16:48Z INFO ProcessInvokerWrapper]   File name: '/Users/alderichoaraupro/Documents/git/todo/actions-runner/bin/Runner.Worker'
[2023-04-05 14:16:48Z INFO ProcessInvokerWrapper]   Arguments: 'spawnclient 107 110'
[2023-04-05 14:16:48Z INFO ProcessInvokerWrapper]   Working directory: '/Users/alderichoaraupro/Documents/git/todo/actions-runner/bin'
[2023-04-05 14:16:48Z INFO ProcessInvokerWrapper]   Require exit code zero: 'False'
[2023-04-05 14:16:48Z INFO ProcessInvokerWrapper]   Encoding web name:  ; code page: ''
[2023-04-05 14:16:48Z INFO ProcessInvokerWrapper]   Force kill process on cancellation: 'True'
[2023-04-05 14:16:48Z INFO ProcessInvokerWrapper]   Redirected STDIN: 'False'
[2023-04-05 14:16:48Z INFO ProcessInvokerWrapper]   Persist current code page: 'False'
[2023-04-05 14:16:48Z INFO ProcessInvokerWrapper]   Keep redirected STDIN open: 'False'
[2023-04-05 14:16:48Z INFO ProcessInvokerWrapper]   High priority process: 'True'
[2023-04-05 14:16:48Z INFO ProcessInvokerWrapper] Process started with process id 14551, waiting for process exit.
[2023-04-05 14:16:48Z INFO JobDispatcher] Send job request message to worker for job 682736c0-47e2-5cdd-32cd-5418af2a1fb6.
[2023-04-05 14:16:48Z INFO ProcessChannel] Sending message of length 21410, with hash '79cb80ffe19f22dd59007b85b856fc53b62c2dbb022c8aba8ac240f3bfaab8bd'
[2023-04-05 14:16:48Z INFO JobNotification] Entering JobStarted Notification
[2023-04-05 14:16:48Z INFO JobNotification] Entering StartMonitor
[2023-04-05 14:16:52Z INFO ProcessInvokerWrapper] STDOUT/STDERR stream read finished.
[2023-04-05 14:16:52Z INFO ProcessInvokerWrapper] STDOUT/STDERR stream read finished.
[2023-04-05 14:16:52Z INFO ProcessInvokerWrapper] Finished process 14551 with exit code 102, and elapsed time 00:00:03.6162779.
[2023-04-05 14:16:52Z INFO JobDispatcher] Worker finished for job 682736c0-47e2-5cdd-32cd-5418af2a1fb6. Code: 102
[2023-04-05 14:16:52Z INFO JobDispatcher] finish job request for job 682736c0-47e2-5cdd-32cd-5418af2a1fb6 with result: Failed
[2023-04-05 14:16:52Z INFO Terminal] WRITE LINE: 2023-04-05 14:16:52Z: Job run-all-tests completed with result: Failed
[2023-04-05 14:16:52Z INFO JobDispatcher] Stop renew job request for job 682736c0-47e2-5cdd-32cd-5418af2a1fb6.
[2023-04-05 14:16:52Z INFO JobDispatcher] job renew has been cancelled, stop renew job request 3.
[2023-04-05 14:16:52Z INFO JobNotification] Entering JobCompleted Notification
[2023-04-05 14:16:52Z INFO JobNotification] Entering EndMonitor
