[2023-04-05 14:09:38Z INFO HostContext] No proxy settings were found based on environmental variables (http_proxy/https_proxy/HTTP_PROXY/HTTPS_PROXY)
[2023-04-05 14:09:38Z INFO HostContext] Well known directory 'Bin': '/Users/alderichoaraupro/Documents/git/todo/actions-runner/bin'
[2023-04-05 14:09:38Z INFO HostContext] Well known directory 'Root': '/Users/alderichoaraupro/Documents/git/todo/actions-runner'
[2023-04-05 14:09:38Z INFO HostContext] Well known config file 'Credentials': '/Users/alderichoaraupro/Documents/git/todo/actions-runner/.credentials'
[2023-04-05 14:09:38Z INFO HostContext] Well known directory 'Bin': '/Users/alderichoaraupro/Documents/git/todo/actions-runner/bin'
[2023-04-05 14:09:38Z INFO HostContext] Well known directory 'Root': '/Users/alderichoaraupro/Documents/git/todo/actions-runner'
[2023-04-05 14:09:38Z INFO HostContext] Well known config file 'Runner': '/Users/alderichoaraupro/Documents/git/todo/actions-runner/.runner'
[2023-04-05 14:09:38Z INFO Listener] Runner is built for OSX (X64) - osx-x64.
[2023-04-05 14:09:38Z INFO Listener] RuntimeInformation: Darwin 22.2.0 Darwin Kernel Version 22.2.0: Fri Nov 11 02:08:47 PST 2022; root:xnu-8792.61.2~4/RELEASE_X86_64.
[2023-04-05 14:09:38Z INFO Listener] Version: 2.303.0
[2023-04-05 14:09:38Z INFO Listener] Commit: e676c7871817c1b484299cd93fabdf4b95e70741
[2023-04-05 14:09:38Z INFO Listener] Culture: fr-FR
[2023-04-05 14:09:38Z INFO Listener] UI Culture: fr-FR
[2023-04-05 14:09:38Z INFO HostContext] Well known directory 'Bin': '/Users/alderichoaraupro/Documents/git/todo/actions-runner/bin'
[2023-04-05 14:09:38Z INFO HostContext] Well known directory 'Root': '/Users/alderichoaraupro/Documents/git/todo/actions-runner'
[2023-04-05 14:09:38Z INFO Listener] Validating directory permissions for: '/Users/alderichoaraupro/Documents/git/todo/actions-runner'
[2023-04-05 14:09:38Z INFO CommandLineParser] Parse
[2023-04-05 14:09:38Z INFO CommandLineParser] Parsing 1 args
[2023-04-05 14:09:38Z INFO CommandLineParser] parsing argument
[2023-04-05 14:09:38Z INFO CommandLineParser] HasArgs: False
[2023-04-05 14:09:38Z INFO CommandLineParser] Adding Command: run
[2023-04-05 14:09:38Z INFO Listener] Arguments parsed
[2023-04-05 14:09:38Z INFO Runner] ExecuteCommand
[2023-04-05 14:09:38Z INFO ConfigurationStore] currentAssemblyLocation: /Users/alderichoaraupro/Documents/git/todo/actions-runner/bin/Runner.Listener.dll
[2023-04-05 14:09:38Z INFO HostContext] Well known directory 'Bin': '/Users/alderichoaraupro/Documents/git/todo/actions-runner/bin'
[2023-04-05 14:09:38Z INFO ConfigurationStore] binPath: /Users/alderichoaraupro/Documents/git/todo/actions-runner/bin
[2023-04-05 14:09:38Z INFO HostContext] Well known directory 'Bin': '/Users/alderichoaraupro/Documents/git/todo/actions-runner/bin'
[2023-04-05 14:09:38Z INFO HostContext] Well known directory 'Root': '/Users/alderichoaraupro/Documents/git/todo/actions-runner'
[2023-04-05 14:09:38Z INFO ConfigurationStore] RootFolder: /Users/alderichoaraupro/Documents/git/todo/actions-runner
[2023-04-05 14:09:38Z INFO HostContext] Well known directory 'Bin': '/Users/alderichoaraupro/Documents/git/todo/actions-runner/bin'
[2023-04-05 14:09:38Z INFO HostContext] Well known directory 'Root': '/Users/alderichoaraupro/Documents/git/todo/actions-runner'
[2023-04-05 14:09:38Z INFO HostContext] Well known config file 'Runner': '/Users/alderichoaraupro/Documents/git/todo/actions-runner/.runner'
[2023-04-05 14:09:38Z INFO ConfigurationStore] ConfigFilePath: /Users/alderichoaraupro/Documents/git/todo/actions-runner/.runner
[2023-04-05 14:09:38Z INFO HostContext] Well known directory 'Bin': '/Users/alderichoaraupro/Documents/git/todo/actions-runner/bin'
[2023-04-05 14:09:38Z INFO HostContext] Well known directory 'Root': '/Users/alderichoaraupro/Documents/git/todo/actions-runner'
[2023-04-05 14:09:38Z INFO HostContext] Well known config file 'Credentials': '/Users/alderichoaraupro/Documents/git/todo/actions-runner/.credentials'
[2023-04-05 14:09:38Z INFO ConfigurationStore] CredFilePath: /Users/alderichoaraupro/Documents/git/todo/actions-runner/.credentials
[2023-04-05 14:09:38Z INFO HostContext] Well known directory 'Bin': '/Users/alderichoaraupro/Documents/git/todo/actions-runner/bin'
[2023-04-05 14:09:38Z INFO HostContext] Well known directory 'Root': '/Users/alderichoaraupro/Documents/git/todo/actions-runner'
[2023-04-05 14:09:38Z INFO HostContext] Well known config file 'MigratedCredentials': '/Users/alderichoaraupro/Documents/git/todo/actions-runner/.credentials_migrated'
[2023-04-05 14:09:38Z INFO ConfigurationStore] MigratedCredFilePath: /Users/alderichoaraupro/Documents/git/todo/actions-runner/.credentials_migrated
[2023-04-05 14:09:38Z INFO HostContext] Well known directory 'Bin': '/Users/alderichoaraupro/Documents/git/todo/actions-runner/bin'
[2023-04-05 14:09:38Z INFO HostContext] Well known directory 'Root': '/Users/alderichoaraupro/Documents/git/todo/actions-runner'
[2023-04-05 14:09:38Z INFO HostContext] Well known config file 'Service': '/Users/alderichoaraupro/Documents/git/todo/actions-runner/.service'
[2023-04-05 14:09:38Z INFO ConfigurationStore] ServiceConfigFilePath: /Users/alderichoaraupro/Documents/git/todo/actions-runner/.service
[2023-04-05 14:09:38Z INFO CommandSettings] Flag 'help': 'False'
[2023-04-05 14:09:38Z INFO CommandSettings] Flag 'version': 'False'
[2023-04-05 14:09:38Z INFO CommandSettings] Flag 'commit': 'False'
[2023-04-05 14:09:38Z INFO CommandSettings] Flag 'check': 'False'
[2023-04-05 14:09:38Z INFO CommandSettings] Command 'configure': 'False'
[2023-04-05 14:09:38Z INFO CommandSettings] Command 'remove': 'False'
[2023-04-05 14:09:38Z INFO CommandSettings] Command 'warmup': 'False'
[2023-04-05 14:09:38Z INFO ConfigurationManager] LoadSettings
[2023-04-05 14:09:38Z INFO ConfigurationStore] IsConfigured()
[2023-04-05 14:09:38Z INFO ConfigurationStore] IsConfigured: False
[2023-04-05 14:09:38Z INFO ConfigurationManager] Is configured: False
[2023-04-05 14:09:38Z ERR  Terminal] WRITE ERROR: An error occurred: Not configured. Run config.(sh/cmd) to configure the runner.
[2023-04-05 14:09:38Z ERR  Listener] GitHub.Runner.Common.NonRetryableException: Not configured. Run config.(sh/cmd) to configure the runner.
   at GitHub.Runner.Listener.Configuration.ConfigurationManager.LoadSettings()
   at GitHub.Runner.Listener.Runner.ExecuteCommand(CommandSettings command)
   at GitHub.Runner.Listener.Program.MainAsync(IHostContext context, String[] args)
