[2023-04-05 14:13:40Z INFO HostContext] No proxy settings were found based on environmental variables (http_proxy/https_proxy/HTTP_PROXY/HTTPS_PROXY)
[2023-04-05 14:13:40Z INFO HostContext] Well known directory 'Bin': '/Users/alderichoaraupro/Documents/git/todo/actions-runner/bin'
[2023-04-05 14:13:40Z INFO HostContext] Well known directory 'Root': '/Users/alderichoaraupro/Documents/git/todo/actions-runner'
[2023-04-05 14:13:40Z INFO HostContext] Well known config file 'Credentials': '/Users/alderichoaraupro/Documents/git/todo/actions-runner/.credentials'
[2023-04-05 14:13:40Z INFO HostContext] Well known directory 'Bin': '/Users/alderichoaraupro/Documents/git/todo/actions-runner/bin'
[2023-04-05 14:13:40Z INFO HostContext] Well known directory 'Root': '/Users/alderichoaraupro/Documents/git/todo/actions-runner'
[2023-04-05 14:13:40Z INFO HostContext] Well known config file 'Runner': '/Users/alderichoaraupro/Documents/git/todo/actions-runner/.runner'
[2023-04-05 14:13:40Z INFO Listener] Runner is built for OSX (X64) - osx-x64.
[2023-04-05 14:13:40Z INFO Listener] RuntimeInformation: Darwin 22.2.0 Darwin Kernel Version 22.2.0: Fri Nov 11 02:08:47 PST 2022; root:xnu-8792.61.2~4/RELEASE_X86_64.
[2023-04-05 14:13:40Z INFO Listener] Version: 2.303.0
[2023-04-05 14:13:40Z INFO Listener] Commit: e676c7871817c1b484299cd93fabdf4b95e70741
[2023-04-05 14:13:40Z INFO Listener] Culture: fr-FR
[2023-04-05 14:13:40Z INFO Listener] UI Culture: fr-FR
[2023-04-05 14:13:40Z INFO HostContext] Well known directory 'Bin': '/Users/alderichoaraupro/Documents/git/todo/actions-runner/bin'
[2023-04-05 14:13:40Z INFO HostContext] Well known directory 'Root': '/Users/alderichoaraupro/Documents/git/todo/actions-runner'
[2023-04-05 14:13:40Z INFO Listener] Validating directory permissions for: '/Users/alderichoaraupro/Documents/git/todo/actions-runner'
[2023-04-05 14:13:40Z INFO CommandLineParser] Parse
[2023-04-05 14:13:40Z INFO CommandLineParser] Parsing 5 args
[2023-04-05 14:13:40Z INFO CommandLineParser] parsing argument
[2023-04-05 14:13:40Z INFO CommandLineParser] HasArgs: False
[2023-04-05 14:13:40Z INFO CommandLineParser] Adding Command: configure
[2023-04-05 14:13:40Z INFO CommandLineParser] parsing argument
[2023-04-05 14:13:40Z INFO CommandLineParser] HasArgs: True
[2023-04-05 14:13:40Z INFO CommandLineParser] arg: url
[2023-04-05 14:13:40Z INFO CommandLineParser] parsing argument
[2023-04-05 14:13:40Z INFO CommandLineParser] HasArgs: True
[2023-04-05 14:13:40Z INFO CommandLineParser] Adding option 'url': 'https://github.com/alderichoarau/todo'
[2023-04-05 14:13:40Z INFO CommandLineParser] parsing argument
[2023-04-05 14:13:40Z INFO CommandLineParser] HasArgs: True
[2023-04-05 14:13:40Z INFO CommandLineParser] arg: token
[2023-04-05 14:13:40Z INFO CommandLineParser] parsing argument
[2023-04-05 14:13:40Z INFO CommandLineParser] HasArgs: True
[2023-04-05 14:13:40Z INFO CommandLineParser] Adding option 'token': '***'
[2023-04-05 14:13:40Z INFO Listener] Arguments parsed
[2023-04-05 14:13:41Z INFO Runner] ExecuteCommand
[2023-04-05 14:13:41Z INFO ConfigurationStore] currentAssemblyLocation: /Users/alderichoaraupro/Documents/git/todo/actions-runner/bin/Runner.Listener.dll
[2023-04-05 14:13:41Z INFO HostContext] Well known directory 'Bin': '/Users/alderichoaraupro/Documents/git/todo/actions-runner/bin'
[2023-04-05 14:13:41Z INFO ConfigurationStore] binPath: /Users/alderichoaraupro/Documents/git/todo/actions-runner/bin
[2023-04-05 14:13:41Z INFO HostContext] Well known directory 'Bin': '/Users/alderichoaraupro/Documents/git/todo/actions-runner/bin'
[2023-04-05 14:13:41Z INFO HostContext] Well known directory 'Root': '/Users/alderichoaraupro/Documents/git/todo/actions-runner'
[2023-04-05 14:13:41Z INFO ConfigurationStore] RootFolder: /Users/alderichoaraupro/Documents/git/todo/actions-runner
[2023-04-05 14:13:41Z INFO HostContext] Well known directory 'Bin': '/Users/alderichoaraupro/Documents/git/todo/actions-runner/bin'
[2023-04-05 14:13:41Z INFO HostContext] Well known directory 'Root': '/Users/alderichoaraupro/Documents/git/todo/actions-runner'
[2023-04-05 14:13:41Z INFO HostContext] Well known config file 'Runner': '/Users/alderichoaraupro/Documents/git/todo/actions-runner/.runner'
[2023-04-05 14:13:41Z INFO ConfigurationStore] ConfigFilePath: /Users/alderichoaraupro/Documents/git/todo/actions-runner/.runner
[2023-04-05 14:13:41Z INFO HostContext] Well known directory 'Bin': '/Users/alderichoaraupro/Documents/git/todo/actions-runner/bin'
[2023-04-05 14:13:41Z INFO HostContext] Well known directory 'Root': '/Users/alderichoaraupro/Documents/git/todo/actions-runner'
[2023-04-05 14:13:41Z INFO HostContext] Well known config file 'Credentials': '/Users/alderichoaraupro/Documents/git/todo/actions-runner/.credentials'
[2023-04-05 14:13:41Z INFO ConfigurationStore] CredFilePath: /Users/alderichoaraupro/Documents/git/todo/actions-runner/.credentials
[2023-04-05 14:13:41Z INFO HostContext] Well known directory 'Bin': '/Users/alderichoaraupro/Documents/git/todo/actions-runner/bin'
[2023-04-05 14:13:41Z INFO HostContext] Well known directory 'Root': '/Users/alderichoaraupro/Documents/git/todo/actions-runner'
[2023-04-05 14:13:41Z INFO HostContext] Well known config file 'MigratedCredentials': '/Users/alderichoaraupro/Documents/git/todo/actions-runner/.credentials_migrated'
[2023-04-05 14:13:41Z INFO ConfigurationStore] MigratedCredFilePath: /Users/alderichoaraupro/Documents/git/todo/actions-runner/.credentials_migrated
[2023-04-05 14:13:41Z INFO HostContext] Well known directory 'Bin': '/Users/alderichoaraupro/Documents/git/todo/actions-runner/bin'
[2023-04-05 14:13:41Z INFO HostContext] Well known directory 'Root': '/Users/alderichoaraupro/Documents/git/todo/actions-runner'
[2023-04-05 14:13:41Z INFO HostContext] Well known config file 'Service': '/Users/alderichoaraupro/Documents/git/todo/actions-runner/.service'
[2023-04-05 14:13:41Z INFO ConfigurationStore] ServiceConfigFilePath: /Users/alderichoaraupro/Documents/git/todo/actions-runner/.service
[2023-04-05 14:13:41Z INFO CommandSettings] Flag 'help': 'False'
[2023-04-05 14:13:41Z INFO CommandSettings] Flag 'version': 'False'
[2023-04-05 14:13:41Z INFO CommandSettings] Flag 'commit': 'False'
[2023-04-05 14:13:41Z INFO CommandSettings] Flag 'check': 'False'
[2023-04-05 14:13:41Z INFO CommandSettings] Command 'configure': 'True'
[2023-04-05 14:13:41Z INFO Terminal] WRITE LINE: 
[2023-04-05 14:13:41Z INFO Terminal] WRITE LINE: --------------------------------------------------------------------------------
[2023-04-05 14:13:41Z INFO Terminal] WRITE LINE: |        ____ _ _   _   _       _          _        _   _                      |
[2023-04-05 14:13:41Z INFO Terminal] WRITE LINE: |       / ___(_) |_| | | |_   _| |__      / \   ___| |_(_) ___  _ __  ___      |
[2023-04-05 14:13:41Z INFO Terminal] WRITE LINE: |      | |  _| | __| |_| | | | | '_ \    / _ \ / __| __| |/ _ \| '_ \/ __|     |
[2023-04-05 14:13:41Z INFO Terminal] WRITE LINE: |      | |_| | | |_|  _  | |_| | |_) |  / ___ \ (__| |_| | (_) | | | \__ \     |
[2023-04-05 14:13:41Z INFO Terminal] WRITE LINE: |       \____|_|\__|_| |_|\__,_|_.__/  /_/   \_\___|\__|_|\___/|_| |_|___/     |
[2023-04-05 14:13:41Z INFO Terminal] WRITE LINE: |                                                                              |
[2023-04-05 14:13:41Z INFO Terminal] WRITE: |                       
[2023-04-05 14:13:41Z INFO Terminal] WRITE: Self-hosted runner registration
[2023-04-05 14:13:41Z INFO Terminal] WRITE LINE:                         |
[2023-04-05 14:13:41Z INFO Terminal] WRITE LINE: |                                                                              |
[2023-04-05 14:13:41Z INFO Terminal] WRITE LINE: --------------------------------------------------------------------------------
[2023-04-05 14:13:41Z INFO ConfigurationManager] ConfigureAsync
[2023-04-05 14:13:41Z INFO CommandSettings] Flag 'generateServiceConfig': 'False'
[2023-04-05 14:13:41Z INFO ConfigurationStore] IsConfigured()
[2023-04-05 14:13:41Z INFO ConfigurationStore] IsConfigured: False
[2023-04-05 14:13:41Z INFO ConfigurationManager] Is configured: False
[2023-04-05 14:13:41Z INFO CommandSettings] Arg 'url': 'https://github.com/alderichoarau/todo'
[2023-04-05 14:13:41Z INFO CommandSettings] Remove url from Arg dictionary.
[2023-04-05 14:13:41Z INFO CommandSettings] Arg 'token': '***'
[2023-04-05 14:13:41Z INFO CommandSettings] Remove token from Arg dictionary.
[2023-04-05 14:13:41Z INFO ConfigurationManager] Http response code: OK from 'POST https://api.github.com/actions/runner-registration' (D96D:51DE:13E4BCE:140B75B:642D8215)
[2023-04-05 14:13:41Z INFO ConfigurationManager] cred retrieved via GitHub auth
[2023-04-05 14:13:41Z INFO RunnerServer] EstablishVssConnection
[2023-04-05 14:13:41Z INFO RunnerServer] Establish connection with 100 seconds timeout.
[2023-04-05 14:13:41Z INFO GitHubActionsService] Starting operation Location.GetConnectionData
[2023-04-05 14:13:41Z INFO RunnerServer] EstablishVssConnection
[2023-04-05 14:13:41Z INFO RunnerServer] Establish connection with 60 seconds timeout.
[2023-04-05 14:13:41Z INFO GitHubActionsService] Starting operation Location.GetConnectionData
[2023-04-05 14:13:41Z INFO RunnerServer] EstablishVssConnection
[2023-04-05 14:13:41Z INFO RunnerServer] Establish connection with 60 seconds timeout.
[2023-04-05 14:13:41Z INFO GitHubActionsService] Starting operation Location.GetConnectionData
[2023-04-05 14:13:42Z INFO GitHubActionsService] Finished operation Location.GetConnectionData
[2023-04-05 14:13:42Z INFO GitHubActionsService] Finished operation Location.GetConnectionData
[2023-04-05 14:13:42Z INFO GitHubActionsService] Finished operation Location.GetConnectionData
[2023-04-05 14:13:42Z INFO Terminal] WRITE LINE: 
[2023-04-05 14:13:42Z INFO ConfigurationManager] Test Connection complete.
[2023-04-05 14:13:42Z INFO HostContext] Well known directory 'Bin': '/Users/alderichoaraupro/Documents/git/todo/actions-runner/bin'
[2023-04-05 14:13:42Z INFO HostContext] Well known directory 'Root': '/Users/alderichoaraupro/Documents/git/todo/actions-runner'
[2023-04-05 14:13:42Z INFO HostContext] Well known config file 'RSACredentials': '/Users/alderichoaraupro/Documents/git/todo/actions-runner/.credentials_rsaparams'
[2023-04-05 14:13:42Z INFO RSAFileKeyManager] Found existing RSA key parameters file /Users/alderichoaraupro/Documents/git/todo/actions-runner/.credentials_rsaparams
[2023-04-05 14:13:42Z INFO CommandSettings] Arg 'runnergroup': ''
[2023-04-05 14:13:42Z INFO CommandSettings] Flag 'unattended': 'False'
[2023-04-05 14:13:42Z INFO PromptManager] ReadValue
[2023-04-05 14:13:42Z INFO Terminal] WRITE: Enter the name of the runner group to add this runner to: 
[2023-04-05 14:13:42Z INFO Terminal] WRITE: [press Enter for Default] 
[2023-04-05 14:13:42Z INFO Terminal] READ LINE
[2023-04-05 14:14:14Z INFO Terminal] Read value: ''
[2023-04-05 14:14:14Z INFO PromptManager] Falling back to the default: 'Default'
[2023-04-05 14:14:14Z INFO Terminal] WRITE LINE: 
[2023-04-05 14:14:14Z INFO ConfigurationManager] Found a self-hosted runner group with id 1 and name Default
[2023-04-05 14:14:14Z INFO CommandSettings] Flag 'disableupdate': 'False'
[2023-04-05 14:14:14Z INFO CommandSettings] Flag 'ephemeral': 'False'
[2023-04-05 14:14:14Z INFO CommandSettings] Arg 'name': ''
[2023-04-05 14:14:14Z INFO CommandSettings] Flag 'unattended': 'False'
[2023-04-05 14:14:14Z INFO PromptManager] ReadValue
[2023-04-05 14:14:14Z INFO Terminal] WRITE: Enter the name of runner: 
[2023-04-05 14:14:14Z INFO Terminal] WRITE: [press Enter for APLAFAT938720] 
[2023-04-05 14:14:14Z INFO Terminal] READ LINE
[2023-04-05 14:14:22Z INFO Terminal] Read value: 'self-hosted'
[2023-04-05 14:14:22Z INFO Terminal] WRITE LINE: 
[2023-04-05 14:14:22Z INFO CommandSettings] Arg 'labels': ''
[2023-04-05 14:14:22Z INFO CommandSettings] Flag 'unattended': 'False'
[2023-04-05 14:14:22Z INFO PromptManager] ReadValue
[2023-04-05 14:14:22Z INFO Terminal] WRITE: This runner will have the following labels: 'self-hosted', 'macOS', 'X64' 
Enter any additional labels (ex. label-1,label-2): 
[2023-04-05 14:14:22Z INFO Terminal] WRITE: [press Enter to skip] 
[2023-04-05 14:14:22Z INFO Terminal] READ LINE
[2023-04-05 14:14:26Z INFO Terminal] Read value: ''
[2023-04-05 14:14:26Z INFO Terminal] WRITE LINE: 
[2023-04-05 14:14:26Z INFO CommandSettings] Flag 'disableupdate': 'False'
[2023-04-05 14:14:26Z INFO CommandSettings] Flag 'disableupdate': 'False'
[2023-04-05 14:14:26Z INFO CommandSettings] Flag 'ephemeral': 'False'
[2023-04-05 14:14:26Z INFO ConfigurationStore] Saving OAuth credential @ /Users/alderichoaraupro/Documents/git/todo/actions-runner/.credentials
[2023-04-05 14:14:26Z INFO ConfigurationStore] Credentials Saved.
[2023-04-05 14:14:26Z INFO ConfigurationStore] HasCredentials()
[2023-04-05 14:14:26Z INFO ConfigurationStore] stored True
[2023-04-05 14:14:26Z INFO CredentialManager] GetCredentialProvider
[2023-04-05 14:14:26Z INFO CredentialManager] Creating type OAuth
[2023-04-05 14:14:26Z INFO CredentialManager] Creating credential type: OAuth
[2023-04-05 14:14:26Z INFO RSAFileKeyManager] Loading RSA key parameters from file /Users/alderichoaraupro/Documents/git/todo/actions-runner/.credentials_rsaparams
[2023-04-05 14:14:26Z INFO RunnerServer] EstablishVssConnection
[2023-04-05 14:14:26Z INFO RunnerServer] Establish connection with 100 seconds timeout.
[2023-04-05 14:14:26Z INFO GitHubActionsService] Starting operation Location.GetConnectionData
[2023-04-05 14:14:26Z INFO RunnerServer] EstablishVssConnection
[2023-04-05 14:14:26Z INFO RunnerServer] Establish connection with 60 seconds timeout.
[2023-04-05 14:14:26Z INFO GitHubActionsService] Starting operation Location.GetConnectionData
[2023-04-05 14:14:26Z INFO RunnerServer] EstablishVssConnection
[2023-04-05 14:14:26Z INFO RunnerServer] Establish connection with 60 seconds timeout.
[2023-04-05 14:14:26Z INFO GitHubActionsService] Starting operation Location.GetConnectionData
[2023-04-05 14:14:27Z INFO GitHubActionsService] Finished operation Location.GetConnectionData
[2023-04-05 14:14:27Z INFO GitHubActionsService] Finished operation Location.GetConnectionData
[2023-04-05 14:14:27Z INFO GitHubActionsService] Finished operation Location.GetConnectionData
[2023-04-05 14:14:27Z INFO RSAFileKeyManager] Loading RSA key parameters from file /Users/alderichoaraupro/Documents/git/todo/actions-runner/.credentials_rsaparams
[2023-04-05 14:14:27Z INFO RSAFileKeyManager] Loading RSA key parameters from file /Users/alderichoaraupro/Documents/git/todo/actions-runner/.credentials_rsaparams
[2023-04-05 14:14:27Z INFO GitHubActionsService] AAD Correlation ID for this token request: Unknown
[2023-04-05 14:14:27Z INFO CommandSettings] Arg 'work': ''
[2023-04-05 14:14:27Z INFO CommandSettings] Flag 'unattended': 'False'
[2023-04-05 14:14:27Z INFO PromptManager] ReadValue
[2023-04-05 14:14:27Z INFO Terminal] WRITE: Enter name of work folder: 
[2023-04-05 14:14:27Z INFO Terminal] WRITE: [press Enter for _work] 
[2023-04-05 14:14:27Z INFO Terminal] READ LINE
[2023-04-05 14:14:48Z INFO Terminal] Read value: ''
[2023-04-05 14:14:48Z INFO PromptManager] Falling back to the default: '_work'
[2023-04-05 14:14:48Z INFO ConfigurationStore] Saving runner settings.
[2023-04-05 14:14:48Z INFO ConfigurationStore] Settings Saved.
[2023-04-05 14:14:48Z INFO Terminal] WRITE LINE: 
[2023-04-05 14:14:48Z INFO Terminal] WRITE LINE: 
[2023-04-05 14:14:48Z INFO OsxServiceControlManager] Service name 'actions.runner.alderichoarau-todo.self-hosted' display name 'GitHub Actions Runner (alderichoarau-todo.self-hosted)' will be used for service configuration.
[2023-04-05 14:14:48Z INFO HostContext] Well known directory 'Bin': '/Users/alderichoaraupro/Documents/git/todo/actions-runner/bin'
[2023-04-05 14:14:48Z INFO HostContext] Well known directory 'Root': '/Users/alderichoaraupro/Documents/git/todo/actions-runner'
[2023-04-05 14:14:48Z INFO HostContext] Well known directory 'Bin': '/Users/alderichoaraupro/Documents/git/todo/actions-runner/bin'
[2023-04-05 14:14:48Z INFO HostContext] Well known directory 'Bin': '/Users/alderichoaraupro/Documents/git/todo/actions-runner/bin'
[2023-04-05 14:14:48Z INFO HostContext] Well known directory 'Root': '/Users/alderichoaraupro/Documents/git/todo/actions-runner'
[2023-04-05 14:14:48Z INFO UnixUtil] Which: 'chmod'
[2023-04-05 14:14:48Z INFO UnixUtil] Location: '/bin/chmod'
[2023-04-05 14:14:48Z INFO UnixUtil] Running /bin/chmod 755 "/Users/alderichoaraupro/Documents/git/todo/actions-runner/svc.sh"
[2023-04-05 14:14:48Z INFO ProcessInvokerWrapper] Starting process:
[2023-04-05 14:14:48Z INFO ProcessInvokerWrapper]   File name: '/bin/chmod'
[2023-04-05 14:14:48Z INFO ProcessInvokerWrapper]   Arguments: '755 "/Users/alderichoaraupro/Documents/git/todo/actions-runner/svc.sh"'
[2023-04-05 14:14:48Z INFO ProcessInvokerWrapper]   Working directory: '/Users/alderichoaraupro/Documents/git/todo/actions-runner'
[2023-04-05 14:14:48Z INFO ProcessInvokerWrapper]   Require exit code zero: 'True'
[2023-04-05 14:14:48Z INFO ProcessInvokerWrapper]   Encoding web name:  ; code page: ''
[2023-04-05 14:14:48Z INFO ProcessInvokerWrapper]   Force kill process on cancellation: 'False'
[2023-04-05 14:14:48Z INFO ProcessInvokerWrapper]   Redirected STDIN: 'False'
[2023-04-05 14:14:48Z INFO ProcessInvokerWrapper]   Persist current code page: 'False'
[2023-04-05 14:14:48Z INFO ProcessInvokerWrapper]   Keep redirected STDIN open: 'False'
[2023-04-05 14:14:48Z INFO ProcessInvokerWrapper]   High priority process: 'False'
[2023-04-05 14:14:48Z INFO ProcessInvokerWrapper] Process started with process id 14340, waiting for process exit.
[2023-04-05 14:14:48Z INFO ProcessInvokerWrapper] STDOUT/STDERR stream read finished.
[2023-04-05 14:14:48Z INFO ProcessInvokerWrapper] STDOUT/STDERR stream read finished.
[2023-04-05 14:14:48Z INFO ProcessInvokerWrapper] Finished process 14340 with exit code 0, and elapsed time 00:00:00.0198218.
[2023-04-05 14:14:48Z INFO Listener] Runner execution has finished with return code 0
